<?xml version="1.0" encoding="UTF-8"?>
<!-- Generated by org.testng.reporters.JUnitReportReporter -->
<testsuite skipped="0" hostname="MSalman" name="com.tests.TestTalentAccountSetting" tests="1" failures="0" timestamp="04 Sep 2018 13:19:38 GMT" time="46.187" errors="0">
  <testcase name="Test" time="46.187" classname="com.tests.TestTalentAccountSetting"/>
</testsuite> <!-- com.tests.TestTalentAccountSetting -->
