<?xml version="1.0" encoding="UTF-8"?>
<!-- Generated by org.testng.reporters.JUnitReportReporter -->
<testsuite skipped="0" hostname="MSalman" name="com.tests.TestApp" tests="1" failures="0" timestamp="30 Aug 2018 12:21:10 GMT" time="58.047" errors="0">
  <testcase name="Test" time="58.047" classname="com.tests.TestApp"/>
</testsuite> <!-- com.tests.TestApp -->
